#! /c/Source/iverilog-install/bin/vvp
:ivl_version "12.0 (devel)" "(s20150603-1110-g18392a46)";
:ivl_delay_selection "TYPICAL";
:vpi_time_precision + 0;
:vpi_module "C:\iverilog\lib\ivl\system.vpi";
:vpi_module "C:\iverilog\lib\ivl\vhdl_sys.vpi";
:vpi_module "C:\iverilog\lib\ivl\vhdl_textio.vpi";
:vpi_module "C:\iverilog\lib\ivl\v2005_math.vpi";
:vpi_module "C:\iverilog\lib\ivl\va_math.vpi";
S_000002249a46ad80 .scope module, "alu" "alu" 2 1;
 .timescale 0 0;
    .port_info 0 /INPUT 16 "a";
    .port_info 1 /INPUT 16 "b";
    .port_info 2 /INPUT 6 "alu_control";
    .port_info 3 /OUTPUT 16 "result";
    .port_info 4 /OUTPUT 1 "carry";
    .port_info 5 /OUTPUT 1 "zero";
    .port_info 6 /OUTPUT 1 "write_en";
v000002249a3450e0_0 .net *"_ivl_0", 16 0, L_000002249a38f5d0;  1 drivers
L_000002249a38f678 .functor BUFT 1, C4<0>, C4<0>, C4<0>, C4<0>;
v000002249a312f80_0 .net *"_ivl_3", 0 0, L_000002249a38f678;  1 drivers
v000002249a46af10_0 .net *"_ivl_4", 16 0, L_000002249a344bc0;  1 drivers
L_000002249a38f6c0 .functor BUFT 1, C4<0>, C4<0>, C4<0>, C4<0>;
v000002249a38f030_0 .net *"_ivl_7", 0 0, L_000002249a38f6c0;  1 drivers
o000002249a34a068 .functor BUFZ 16, C4<zzzzzzzzzzzzzzzz>; HiZ drive
v000002249a38f0d0_0 .net "a", 15 0, o000002249a34a068;  0 drivers
o000002249a34a098 .functor BUFZ 6, C4<zzzzzz>; HiZ drive
v000002249a38f170_0 .net "alu_control", 5 0, o000002249a34a098;  0 drivers
o000002249a34a0c8 .functor BUFZ 16, C4<zzzzzzzzzzzzzzzz>; HiZ drive
v000002249a38f210_0 .net "b", 15 0, o000002249a34a0c8;  0 drivers
v000002249a38f2b0_0 .var "carry", 0 0;
v000002249a38f350_0 .var "result", 15 0;
v000002249a38f3f0_0 .net "temp", 16 0, L_000002249a344440;  1 drivers
v000002249a38f490_0 .var "write_en", 0 0;
v000002249a38f530_0 .var "zero", 0 0;
E_000002249a467120/0 .event anyedge, v000002249a38f170_0, v000002249a38f2b0_0, v000002249a38f530_0, v000002249a38f0d0_0;
E_000002249a467120/1 .event anyedge, v000002249a38f210_0, v000002249a38f350_0, v000002249a38f3f0_0;
E_000002249a467120 .event/or E_000002249a467120/0, E_000002249a467120/1;
L_000002249a38f5d0 .concat [ 16 1 0 0], o000002249a34a068, L_000002249a38f678;
L_000002249a344bc0 .concat [ 16 1 0 0], o000002249a34a0c8, L_000002249a38f6c0;
L_000002249a344440 .arith/sum 17, L_000002249a38f5d0, L_000002249a344bc0;
    .scope S_000002249a46ad80;
T_0 ;
    %wait E_000002249a467120;
    %load/vec4 v000002249a38f170_0;
    %parti/s 1, 5, 4;
    %flag_set/vec4 8;
    %jmp/0xz  T_0.0, 8;
    %load/vec4 v000002249a38f2b0_0;
    %flag_set/vec4 8;
    %jmp/0xz  T_0.2, 8;
    %pushi/vec4 1, 0, 1;
    %store/vec4 v000002249a38f490_0, 0, 1;
    %jmp T_0.3;
T_0.2 ;
    %pushi/vec4 0, 0, 1;
    %store/vec4 v000002249a38f490_0, 0, 1;
T_0.3 ;
    %jmp T_0.1;
T_0.0 ;
    %pushi/vec4 1, 0, 1;
    %store/vec4 v000002249a38f490_0, 0, 1;
T_0.1 ;
    %load/vec4 v000002249a38f170_0;
    %parti/s 1, 4, 4;
    %flag_set/vec4 8;
    %jmp/0xz  T_0.4, 8;
    %load/vec4 v000002249a38f530_0;
    %flag_set/vec4 8;
    %jmp/0xz  T_0.6, 8;
    %pushi/vec4 1, 0, 1;
    %store/vec4 v000002249a38f490_0, 0, 1;
    %jmp T_0.7;
T_0.6 ;
    %pushi/vec4 0, 0, 1;
    %store/vec4 v000002249a38f490_0, 0, 1;
T_0.7 ;
T_0.4 ;
    %load/vec4 v000002249a38f170_0;
    %parti/s 1, 5, 4;
    %load/vec4 v000002249a38f170_0;
    %parti/s 1, 4, 4;
    %or;
    %cmpi/e 0, 0, 1;
    %jmp/0xz  T_0.8, 4;
    %pushi/vec4 1, 0, 1;
    %store/vec4 v000002249a38f490_0, 0, 1;
T_0.8 ;
    %load/vec4 v000002249a38f170_0;
    %parti/s 2, 2, 3;
    %dup/vec4;
    %pushi/vec4 0, 0, 2;
    %cmp/u;
    %jmp/1 T_0.10, 6;
    %dup/vec4;
    %pushi/vec4 1, 0, 2;
    %cmp/u;
    %jmp/1 T_0.11, 6;
    %dup/vec4;
    %pushi/vec4 2, 0, 2;
    %cmp/u;
    %jmp/1 T_0.12, 6;
    %load/vec4 v000002249a38f0d0_0;
    %load/vec4 v000002249a38f210_0;
    %add;
    %store/vec4 v000002249a38f350_0, 0, 16;
    %jmp T_0.14;
T_0.10 ;
    %load/vec4 v000002249a38f0d0_0;
    %load/vec4 v000002249a38f210_0;
    %add;
    %store/vec4 v000002249a38f350_0, 0, 16;
    %jmp T_0.14;
T_0.11 ;
    %load/vec4 v000002249a38f0d0_0;
    %load/vec4 v000002249a38f210_0;
    %and;
    %inv;
    %store/vec4 v000002249a38f350_0, 0, 16;
    %jmp T_0.14;
T_0.12 ;
    %load/vec4 v000002249a38f0d0_0;
    %load/vec4 v000002249a38f210_0;
    %sub;
    %store/vec4 v000002249a38f350_0, 0, 16;
    %jmp T_0.14;
T_0.14 ;
    %pop/vec4 1;
    %load/vec4 v000002249a38f170_0;
    %parti/s 1, 1, 2;
    %pad/u 32;
    %cmpi/e 1, 0, 32;
    %jmp/0xz  T_0.15, 4;
    %load/vec4 v000002249a38f350_0;
    %cmpi/e 0, 0, 16;
    %flag_mov 8, 4;
    %jmp/0 T_0.17, 8;
    %pushi/vec4 1, 0, 1;
    %jmp/1 T_0.18, 8;
T_0.17 ; End of true expr.
    %pushi/vec4 0, 0, 1;
    %jmp/0 T_0.18, 8;
 ; End of false expr.
    %blend;
T_0.18;
    %store/vec4 v000002249a38f530_0, 0, 1;
T_0.15 ;
    %load/vec4 v000002249a38f170_0;
    %parti/s 1, 0, 2;
    %pad/u 32;
    %cmpi/e 1, 0, 32;
    %jmp/0xz  T_0.19, 4;
    %load/vec4 v000002249a38f3f0_0;
    %cmpi/u 65535, 0, 17;
    %flag_or 5, 4; GT is !LE
    %flag_inv 5;
    %flag_mov 8, 5;
    %jmp/0 T_0.21, 8;
    %pushi/vec4 1, 0, 1;
    %jmp/1 T_0.22, 8;
T_0.21 ; End of true expr.
    %pushi/vec4 0, 0, 1;
    %jmp/0 T_0.22, 8;
 ; End of false expr.
    %blend;
T_0.22;
    %store/vec4 v000002249a38f2b0_0, 0, 1;
T_0.19 ;
    %jmp T_0;
    .thread T_0, $push;
# The file index is used to find the file name in the following table.
:file_names 3;
    "N/A";
    "<interactive>";
    ".\alu.v";
